2023-03-09 10:03:12.906  INFO 15944 --- [restartedMain] com.content.ContentLibraryApplication    : Starting ContentLibraryApplication using Java 17.0.4.1 on 33019-458415 with PID 15944 (C:\Users\33019\Desktop\sts new\ContentLibrary\target\classes started by 33019 in C:\Users\33019\Desktop\sts new\ContentLibrary)
2023-03-09 10:03:12.914  INFO 15944 --- [restartedMain] com.content.ContentLibraryApplication    : No active profile set, falling back to 1 default profile: "default"
2023-03-09 10:03:12.959  INFO 15944 --- [restartedMain] .e.DevToolsPropertyDefaultsPostProcessor : Devtools property defaults active! Set 'spring.devtools.add-properties' to 'false' to disable
2023-03-09 10:03:12.960  INFO 15944 --- [restartedMain] .e.DevToolsPropertyDefaultsPostProcessor : For additional web related logging consider setting the 'logging.level.web' property to 'DEBUG'
2023-03-09 10:03:13.591  INFO 15944 --- [restartedMain] .s.d.r.c.RepositoryConfigurationDelegate : Bootstrapping Spring Data JPA repositories in DEFAULT mode.
2023-03-09 10:03:13.653  INFO 15944 --- [restartedMain] .s.d.r.c.RepositoryConfigurationDelegate : Finished Spring Data repository scanning in 54 ms. Found 7 JPA repository interfaces.
2023-03-09 10:03:14.173  INFO 15944 --- [restartedMain] o.s.b.w.embedded.tomcat.TomcatWebServer  : Tomcat initialized with port(s): 1999 (http)
2023-03-09 10:03:14.183  INFO 15944 --- [restartedMain] o.apache.catalina.core.StandardService   : Starting service [Tomcat]
2023-03-09 10:03:14.183  INFO 15944 --- [restartedMain] org.apache.catalina.core.StandardEngine  : Starting Servlet engine: [Apache Tomcat/9.0.71]
2023-03-09 10:03:14.270  INFO 15944 --- [restartedMain] o.a.c.c.C.[Tomcat].[localhost].[/]       : Initializing Spring embedded WebApplicationContext
2023-03-09 10:03:14.270  INFO 15944 --- [restartedMain] w.s.c.ServletWebServerApplicationContext : Root WebApplicationContext: initialization completed in 1309 ms
2023-03-09 10:03:14.456  INFO 15944 --- [restartedMain] o.hibernate.jpa.internal.util.LogHelper  : HHH000204: Processing PersistenceUnitInfo [name: default]
2023-03-09 10:03:14.509  INFO 15944 --- [restartedMain] org.hibernate.Version                    : HHH000412: Hibernate ORM core version 5.6.14.Final
2023-03-09 10:03:14.663  INFO 15944 --- [restartedMain] o.hibernate.annotations.common.Version   : HCANN000001: Hibernate Commons Annotations {5.1.2.Final}
2023-03-09 10:03:14.751  INFO 15944 --- [restartedMain] com.zaxxer.hikari.HikariDataSource       : HikariPool-1 - Starting...
2023-03-09 10:03:15.044  INFO 15944 --- [restartedMain] com.zaxxer.hikari.HikariDataSource       : HikariPool-1 - Start completed.
2023-03-09 10:03:15.063  INFO 15944 --- [restartedMain] org.hibernate.dialect.Dialect            : HHH000400: Using dialect: org.hibernate.dialect.MySQL8Dialect
2023-03-09 10:03:15.824  INFO 15944 --- [restartedMain] o.h.e.t.j.p.i.JtaPlatformInitiator       : HHH000490: Using JtaPlatform implementation: [org.hibernate.engine.transaction.jta.platform.internal.NoJtaPlatform]
2023-03-09 10:03:15.831  INFO 15944 --- [restartedMain] j.LocalContainerEntityManagerFactoryBean : Initialized JPA EntityManagerFactory for persistence unit 'default'
2023-03-09 10:03:16.138  WARN 15944 --- [restartedMain] JpaBaseConfiguration$JpaWebConfiguration : spring.jpa.open-in-view is enabled by default. Therefore, database queries may be performed during view rendering. Explicitly configure spring.jpa.open-in-view to disable this warning
2023-03-09 10:03:16.249  INFO 15944 --- [restartedMain] o.s.b.a.w.s.WelcomePageHandlerMapping    : Adding welcome page template: index
2023-03-09 10:03:16.549  INFO 15944 --- [restartedMain] o.s.b.d.a.OptionalLiveReloadServer       : LiveReload server is running on port 35729
2023-03-09 10:03:16.584  INFO 15944 --- [restartedMain] o.s.b.w.embedded.tomcat.TomcatWebServer  : Tomcat started on port(s): 1999 (http) with context path ''
2023-03-09 10:03:16.592  INFO 15944 --- [restartedMain] com.content.ContentLibraryApplication    : Started ContentLibraryApplication in 3.985 seconds (JVM running for 4.745)
2023-03-09 10:03:26.432  INFO 15944 --- [http-nio-1999-exec-1] o.a.c.c.C.[Tomcat].[localhost].[/]       : Initializing Spring DispatcherServlet 'dispatcherServlet'
2023-03-09 10:03:26.432  INFO 15944 --- [http-nio-1999-exec-1] o.s.web.servlet.DispatcherServlet        : Initializing Servlet 'dispatcherServlet'
2023-03-09 10:03:26.432  INFO 15944 --- [http-nio-1999-exec-1] o.s.web.servlet.DispatcherServlet        : Completed initialization in 0 ms
2023-03-09 11:24:40.993  INFO 15944 --- [File Watcher] rtingClassPathChangeChangedEventListener : Restarting due to 4 class path changes (0 additions, 0 deletions, 4 modifications)
2023-03-09 11:24:41.010  INFO 15944 --- [Thread-5] o.apache.catalina.core.StandardService   : Stopping service [Tomcat]
2023-03-09 11:24:41.012  INFO 15944 --- [Thread-5] o.a.c.c.C.[Tomcat].[localhost].[/]       : Destroying Spring FrameworkServlet 'dispatcherServlet'
2023-03-09 11:24:41.023  INFO 15944 --- [Thread-5] j.LocalContainerEntityManagerFactoryBean : Closing JPA EntityManagerFactory for persistence unit 'default'
2023-03-09 11:24:41.026  INFO 15944 --- [Thread-5] com.zaxxer.hikari.HikariDataSource       : HikariPool-1 - Shutdown initiated...
2023-03-09 11:24:41.031  INFO 15944 --- [Thread-5] com.zaxxer.hikari.HikariDataSource       : HikariPool-1 - Shutdown completed.
2023-03-09 11:24:41.119  INFO 15944 --- [restartedMain] com.content.ContentLibraryApplication    : Starting ContentLibraryApplication using Java 17.0.4.1 on 33019-458415 with PID 15944 (C:\Users\33019\Desktop\sts new\ContentLibrary\target\classes started by 33019 in C:\Users\33019\Desktop\sts new\ContentLibrary)
2023-03-09 11:24:41.120  INFO 15944 --- [restartedMain] com.content.ContentLibraryApplication    : No active profile set, falling back to 1 default profile: "default"
2023-03-09 11:24:41.289  INFO 15944 --- [restartedMain] .s.d.r.c.RepositoryConfigurationDelegate : Bootstrapping Spring Data JPA repositories in DEFAULT mode.
2023-03-09 11:24:41.308  INFO 15944 --- [restartedMain] .s.d.r.c.RepositoryConfigurationDelegate : Finished Spring Data repository scanning in 18 ms. Found 7 JPA repository interfaces.
2023-03-09 11:24:41.367  INFO 15944 --- [restartedMain] o.s.b.w.embedded.tomcat.TomcatWebServer  : Tomcat initialized with port(s): 1999 (http)
2023-03-09 11:24:41.368  INFO 15944 --- [restartedMain] o.apache.catalina.core.StandardService   : Starting service [Tomcat]
2023-03-09 11:24:41.368  INFO 15944 --- [restartedMain] org.apache.catalina.core.StandardEngine  : Starting Servlet engine: [Apache Tomcat/9.0.71]
2023-03-09 11:24:41.386  INFO 15944 --- [restartedMain] o.a.c.c.C.[Tomcat].[localhost].[/]       : Initializing Spring embedded WebApplicationContext
2023-03-09 11:24:41.386  INFO 15944 --- [restartedMain] w.s.c.ServletWebServerApplicationContext : Root WebApplicationContext: initialization completed in 261 ms
2023-03-09 11:24:41.411  INFO 15944 --- [restartedMain] o.hibernate.jpa.internal.util.LogHelper  : HHH000204: Processing PersistenceUnitInfo [name: default]
2023-03-09 11:24:41.414  INFO 15944 --- [restartedMain] com.zaxxer.hikari.HikariDataSource       : HikariPool-2 - Starting...
2023-03-09 11:24:41.459  INFO 15944 --- [restartedMain] com.zaxxer.hikari.HikariDataSource       : HikariPool-2 - Start completed.
2023-03-09 11:24:41.459  INFO 15944 --- [restartedMain] org.hibernate.dialect.Dialect            : HHH000400: Using dialect: org.hibernate.dialect.MySQL8Dialect
2023-03-09 11:24:41.663  INFO 15944 --- [restartedMain] o.h.e.t.j.p.i.JtaPlatformInitiator       : HHH000490: Using JtaPlatform implementation: [org.hibernate.engine.transaction.jta.platform.internal.NoJtaPlatform]
2023-03-09 11:24:41.663  INFO 15944 --- [restartedMain] j.LocalContainerEntityManagerFactoryBean : Initialized JPA EntityManagerFactory for persistence unit 'default'
